[3.394s] Invoking command in '/mnt/c/Users/Parth Solanke/Documents/dev/ros2_ws/build/trial_tutorial_pkg': PYTHONPATH=/mnt/c/Users/Parth Solanke/Documents/dev/ros2_ws/build/trial_tutorial_pkg/prefix_override:/mnt/c/Users/Parth Solanke/Documents/dev/ros2_ws/install/trial_tutorial_pkg/lib/python3.10/site-packages:${PYTHONPATH} /usr/bin/python3 setup.py develop --uninstall --editable --build-directory /mnt/c/Users/Parth Solanke/Documents/dev/ros2_ws/build/trial_tutorial_pkg/build
[5.438s] running develop
[6.302s] Removing /mnt/c/Users/Parth Solanke/Documents/dev/ros2_ws/install/trial_tutorial_pkg/lib/python3.10/site-packages/trial-tutorial-pkg.egg-link (link to .)
[6.372s] Invoked command in '/mnt/c/Users/Parth Solanke/Documents/dev/ros2_ws/build/trial_tutorial_pkg' returned '0': PYTHONPATH=/mnt/c/Users/Parth Solanke/Documents/dev/ros2_ws/build/trial_tutorial_pkg/prefix_override:/mnt/c/Users/Parth Solanke/Documents/dev/ros2_ws/install/trial_tutorial_pkg/lib/python3.10/site-packages:${PYTHONPATH} /usr/bin/python3 setup.py develop --uninstall --editable --build-directory /mnt/c/Users/Parth Solanke/Documents/dev/ros2_ws/build/trial_tutorial_pkg/build
[6.408s] Invoking command in '/mnt/c/Users/Parth Solanke/Documents/dev/ros2_ws/src/trial_tutorial_pkg': PYTHONPATH=/mnt/c/Users/Parth Solanke/Documents/dev/ros2_ws/build/trial_tutorial_pkg/prefix_override:/mnt/c/Users/Parth Solanke/Documents/dev/ros2_ws/install/trial_tutorial_pkg/lib/python3.10/site-packages:${PYTHONPATH} /usr/bin/python3 setup.py egg_info --egg-base ../../build/trial_tutorial_pkg build --build-base /mnt/c/Users/Parth Solanke/Documents/dev/ros2_ws/build/trial_tutorial_pkg/build install --record /mnt/c/Users/Parth Solanke/Documents/dev/ros2_ws/build/trial_tutorial_pkg/install.log --single-version-externally-managed
[8.515s] running egg_info
[8.534s] writing ../../build/trial_tutorial_pkg/trial_tutorial_pkg.egg-info/PKG-INFO
[8.558s] writing dependency_links to ../../build/trial_tutorial_pkg/trial_tutorial_pkg.egg-info/dependency_links.txt
[8.584s] writing entry points to ../../build/trial_tutorial_pkg/trial_tutorial_pkg.egg-info/entry_points.txt
[8.602s] writing requirements to ../../build/trial_tutorial_pkg/trial_tutorial_pkg.egg-info/requires.txt
[8.624s] writing top-level names to ../../build/trial_tutorial_pkg/trial_tutorial_pkg.egg-info/top_level.txt
[8.753s] reading manifest file '../../build/trial_tutorial_pkg/trial_tutorial_pkg.egg-info/SOURCES.txt'
[9.029s] writing manifest file '../../build/trial_tutorial_pkg/trial_tutorial_pkg.egg-info/SOURCES.txt'
[9.041s] running build
[9.044s] running build_py
[9.186s] copying trial_tutorial_pkg/turtle_pose_subscriber.py -> /mnt/c/Users/Parth Solanke/Documents/dev/ros2_ws/build/trial_tutorial_pkg/build/lib/trial_tutorial_pkg
[9.297s] running install
[9.300s] running install_lib
[9.424s] copying /mnt/c/Users/Parth Solanke/Documents/dev/ros2_ws/build/trial_tutorial_pkg/build/lib/trial_tutorial_pkg/draw_circle.py -> /mnt/c/Users/Parth Solanke/Documents/dev/ros2_ws/install/trial_tutorial_pkg/lib/python3.10/site-packages/trial_tutorial_pkg
[9.628s] copying /mnt/c/Users/Parth Solanke/Documents/dev/ros2_ws/build/trial_tutorial_pkg/build/lib/trial_tutorial_pkg/talker_node.py -> /mnt/c/Users/Parth Solanke/Documents/dev/ros2_ws/install/trial_tutorial_pkg/lib/python3.10/site-packages/trial_tutorial_pkg
[9.746s] copying /mnt/c/Users/Parth Solanke/Documents/dev/ros2_ws/build/trial_tutorial_pkg/build/lib/trial_tutorial_pkg/turtle_pose_subscriber.py -> /mnt/c/Users/Parth Solanke/Documents/dev/ros2_ws/install/trial_tutorial_pkg/lib/python3.10/site-packages/trial_tutorial_pkg
[9.860s] copying /mnt/c/Users/Parth Solanke/Documents/dev/ros2_ws/build/trial_tutorial_pkg/build/lib/trial_tutorial_pkg/__init__.py -> /mnt/c/Users/Parth Solanke/Documents/dev/ros2_ws/install/trial_tutorial_pkg/lib/python3.10/site-packages/trial_tutorial_pkg
[9.969s] byte-compiling /mnt/c/Users/Parth Solanke/Documents/dev/ros2_ws/install/trial_tutorial_pkg/lib/python3.10/site-packages/trial_tutorial_pkg/draw_circle.py to draw_circle.cpython-310.pyc
[10.147s] byte-compiling /mnt/c/Users/Parth Solanke/Documents/dev/ros2_ws/install/trial_tutorial_pkg/lib/python3.10/site-packages/trial_tutorial_pkg/talker_node.py to talker_node.cpython-310.pyc
[10.307s] byte-compiling /mnt/c/Users/Parth Solanke/Documents/dev/ros2_ws/install/trial_tutorial_pkg/lib/python3.10/site-packages/trial_tutorial_pkg/turtle_pose_subscriber.py to turtle_pose_subscriber.cpython-310.pyc
[10.436s] byte-compiling /mnt/c/Users/Parth Solanke/Documents/dev/ros2_ws/install/trial_tutorial_pkg/lib/python3.10/site-packages/trial_tutorial_pkg/__init__.py to __init__.cpython-310.pyc
[10.559s] running install_data
[10.663s] running install_egg_info
[10.728s] Copying ../../build/trial_tutorial_pkg/trial_tutorial_pkg.egg-info to /mnt/c/Users/Parth Solanke/Documents/dev/ros2_ws/install/trial_tutorial_pkg/lib/python3.10/site-packages/trial_tutorial_pkg-0.0.0-py3.10.egg-info
[11.644s] running install_scripts
[11.869s] Installing draw_circle_turtle script to /mnt/c/Users/Parth Solanke/Documents/dev/ros2_ws/install/trial_tutorial_pkg/lib/trial_tutorial_pkg
[11.913s] Installing talker script to /mnt/c/Users/Parth Solanke/Documents/dev/ros2_ws/install/trial_tutorial_pkg/lib/trial_tutorial_pkg
[11.956s] Installing turtle_pose_subscriber script to /mnt/c/Users/Parth Solanke/Documents/dev/ros2_ws/install/trial_tutorial_pkg/lib/trial_tutorial_pkg
[12.007s] writing list of installed files to '/mnt/c/Users/Parth Solanke/Documents/dev/ros2_ws/build/trial_tutorial_pkg/install.log'
[12.052s] Invoked command in '/mnt/c/Users/Parth Solanke/Documents/dev/ros2_ws/src/trial_tutorial_pkg' returned '0': PYTHONPATH=/mnt/c/Users/Parth Solanke/Documents/dev/ros2_ws/build/trial_tutorial_pkg/prefix_override:/mnt/c/Users/Parth Solanke/Documents/dev/ros2_ws/install/trial_tutorial_pkg/lib/python3.10/site-packages:${PYTHONPATH} /usr/bin/python3 setup.py egg_info --egg-base ../../build/trial_tutorial_pkg build --build-base /mnt/c/Users/Parth Solanke/Documents/dev/ros2_ws/build/trial_tutorial_pkg/build install --record /mnt/c/Users/Parth Solanke/Documents/dev/ros2_ws/build/trial_tutorial_pkg/install.log --single-version-externally-managed
