running develop
Removing /mnt/c/Users/Parth Solanke/Documents/dev/ros2_ws/install/trial_tutorial_pkg/lib/python3.10/site-packages/trial-tutorial-pkg.egg-link (link to .)
running egg_info
writing ../../build/trial_tutorial_pkg/trial_tutorial_pkg.egg-info/PKG-INFO
writing dependency_links to ../../build/trial_tutorial_pkg/trial_tutorial_pkg.egg-info/dependency_links.txt
writing entry points to ../../build/trial_tutorial_pkg/trial_tutorial_pkg.egg-info/entry_points.txt
writing requirements to ../../build/trial_tutorial_pkg/trial_tutorial_pkg.egg-info/requires.txt
writing top-level names to ../../build/trial_tutorial_pkg/trial_tutorial_pkg.egg-info/top_level.txt
reading manifest file '../../build/trial_tutorial_pkg/trial_tutorial_pkg.egg-info/SOURCES.txt'
writing manifest file '../../build/trial_tutorial_pkg/trial_tutorial_pkg.egg-info/SOURCES.txt'
running build
running build_py
copying trial_tutorial_pkg/draw_circle.py -> /mnt/c/Users/Parth Solanke/Documents/dev/ros2_ws/build/trial_tutorial_pkg/build/lib/trial_tutorial_pkg
copying trial_tutorial_pkg/talker_node.py -> /mnt/c/Users/Parth Solanke/Documents/dev/ros2_ws/build/trial_tutorial_pkg/build/lib/trial_tutorial_pkg
copying trial_tutorial_pkg/turtle_pose_subscriber.py -> /mnt/c/Users/Parth Solanke/Documents/dev/ros2_ws/build/trial_tutorial_pkg/build/lib/trial_tutorial_pkg
running install
running install_lib
creating /mnt/c/Users/Parth Solanke/Documents/dev/ros2_ws/install/trial_tutorial_pkg/lib/python3.10/site-packages/trial_tutorial_pkg
copying /mnt/c/Users/Parth Solanke/Documents/dev/ros2_ws/build/trial_tutorial_pkg/build/lib/trial_tutorial_pkg/draw_circle.py -> /mnt/c/Users/Parth Solanke/Documents/dev/ros2_ws/install/trial_tutorial_pkg/lib/python3.10/site-packages/trial_tutorial_pkg
copying /mnt/c/Users/Parth Solanke/Documents/dev/ros2_ws/build/trial_tutorial_pkg/build/lib/trial_tutorial_pkg/listener_node.py -> /mnt/c/Users/Parth Solanke/Documents/dev/ros2_ws/install/trial_tutorial_pkg/lib/python3.10/site-packages/trial_tutorial_pkg
copying /mnt/c/Users/Parth Solanke/Documents/dev/ros2_ws/build/trial_tutorial_pkg/build/lib/trial_tutorial_pkg/talker_node.py -> /mnt/c/Users/Parth Solanke/Documents/dev/ros2_ws/install/trial_tutorial_pkg/lib/python3.10/site-packages/trial_tutorial_pkg
copying /mnt/c/Users/Parth Solanke/Documents/dev/ros2_ws/build/trial_tutorial_pkg/build/lib/trial_tutorial_pkg/turtle_pose_subscriber.py -> /mnt/c/Users/Parth Solanke/Documents/dev/ros2_ws/install/trial_tutorial_pkg/lib/python3.10/site-packages/trial_tutorial_pkg
copying /mnt/c/Users/Parth Solanke/Documents/dev/ros2_ws/build/trial_tutorial_pkg/build/lib/trial_tutorial_pkg/__init__.py -> /mnt/c/Users/Parth Solanke/Documents/dev/ros2_ws/install/trial_tutorial_pkg/lib/python3.10/site-packages/trial_tutorial_pkg
byte-compiling /mnt/c/Users/Parth Solanke/Documents/dev/ros2_ws/install/trial_tutorial_pkg/lib/python3.10/site-packages/trial_tutorial_pkg/draw_circle.py to draw_circle.cpython-310.pyc
byte-compiling /mnt/c/Users/Parth Solanke/Documents/dev/ros2_ws/install/trial_tutorial_pkg/lib/python3.10/site-packages/trial_tutorial_pkg/listener_node.py to listener_node.cpython-310.pyc
byte-compiling /mnt/c/Users/Parth Solanke/Documents/dev/ros2_ws/install/trial_tutorial_pkg/lib/python3.10/site-packages/trial_tutorial_pkg/talker_node.py to talker_node.cpython-310.pyc
byte-compiling /mnt/c/Users/Parth Solanke/Documents/dev/ros2_ws/install/trial_tutorial_pkg/lib/python3.10/site-packages/trial_tutorial_pkg/turtle_pose_subscriber.py to turtle_pose_subscriber.cpython-310.pyc
byte-compiling /mnt/c/Users/Parth Solanke/Documents/dev/ros2_ws/install/trial_tutorial_pkg/lib/python3.10/site-packages/trial_tutorial_pkg/__init__.py to __init__.cpython-310.pyc
running install_data
running install_egg_info
Copying ../../build/trial_tutorial_pkg/trial_tutorial_pkg.egg-info to /mnt/c/Users/Parth Solanke/Documents/dev/ros2_ws/install/trial_tutorial_pkg/lib/python3.10/site-packages/trial_tutorial_pkg-0.0.0-py3.10.egg-info
running install_scripts
Installing circle_turtle script to /mnt/c/Users/Parth Solanke/Documents/dev/ros2_ws/install/trial_tutorial_pkg/lib/trial_tutorial_pkg
Installing talker script to /mnt/c/Users/Parth Solanke/Documents/dev/ros2_ws/install/trial_tutorial_pkg/lib/trial_tutorial_pkg
Installing turtle_pose_subscriber script to /mnt/c/Users/Parth Solanke/Documents/dev/ros2_ws/install/trial_tutorial_pkg/lib/trial_tutorial_pkg
writing list of installed files to '/mnt/c/Users/Parth Solanke/Documents/dev/ros2_ws/build/trial_tutorial_pkg/install.log'
