[3.937s] Invoking command in '/mnt/c/Users/Parth Solanke/Documents/dev/ros2_ws/src/trial_tutorial_pkg': PYTHONPATH=/mnt/c/Users/Parth Solanke/Documents/dev/ros2_ws/src/build/trial_tutorial_pkg/prefix_override:/mnt/c/Users/Parth Solanke/Documents/dev/ros2_ws/src/install/trial_tutorial_pkg/lib/python3.10/site-packages:${PYTHONPATH} WSLENV=ELECTRON_RUN_AS_NODE/w: /usr/bin/python3 setup.py egg_info --egg-base ../build/trial_tutorial_pkg build --build-base /mnt/c/Users/Parth Solanke/Documents/dev/ros2_ws/src/build/trial_tutorial_pkg/build install --record /mnt/c/Users/Parth Solanke/Documents/dev/ros2_ws/src/build/trial_tutorial_pkg/install.log --single-version-externally-managed
[6.107s] running egg_info
[6.123s] creating ../build/trial_tutorial_pkg/trial_tutorial_pkg.egg-info
[6.137s] writing ../build/trial_tutorial_pkg/trial_tutorial_pkg.egg-info/PKG-INFO
[6.168s] writing dependency_links to ../build/trial_tutorial_pkg/trial_tutorial_pkg.egg-info/dependency_links.txt
[6.189s] writing entry points to ../build/trial_tutorial_pkg/trial_tutorial_pkg.egg-info/entry_points.txt
[6.206s] writing requirements to ../build/trial_tutorial_pkg/trial_tutorial_pkg.egg-info/requires.txt
[6.218s] writing top-level names to ../build/trial_tutorial_pkg/trial_tutorial_pkg.egg-info/top_level.txt
[6.240s] writing manifest file '../build/trial_tutorial_pkg/trial_tutorial_pkg.egg-info/SOURCES.txt'
[6.343s] reading manifest file '../build/trial_tutorial_pkg/trial_tutorial_pkg.egg-info/SOURCES.txt'
[6.550s] writing manifest file '../build/trial_tutorial_pkg/trial_tutorial_pkg.egg-info/SOURCES.txt'
[6.561s] running build
[6.564s] running build_py
[6.582s] creating /mnt/c/Users/Parth Solanke/Documents/dev/ros2_ws/src/build/trial_tutorial_pkg/build
[6.588s] creating /mnt/c/Users/Parth Solanke/Documents/dev/ros2_ws/src/build/trial_tutorial_pkg/build/lib
[6.596s] creating /mnt/c/Users/Parth Solanke/Documents/dev/ros2_ws/src/build/trial_tutorial_pkg/build/lib/trial_tutorial_pkg
[6.628s] copying trial_tutorial_pkg/listener_node.py -> /mnt/c/Users/Parth Solanke/Documents/dev/ros2_ws/src/build/trial_tutorial_pkg/build/lib/trial_tutorial_pkg
[6.698s] copying trial_tutorial_pkg/talker_node.py -> /mnt/c/Users/Parth Solanke/Documents/dev/ros2_ws/src/build/trial_tutorial_pkg/build/lib/trial_tutorial_pkg
[6.770s] copying trial_tutorial_pkg/__init__.py -> /mnt/c/Users/Parth Solanke/Documents/dev/ros2_ws/src/build/trial_tutorial_pkg/build/lib/trial_tutorial_pkg
[6.813s] running install
[6.816s] running install_lib
[6.898s] creating /mnt/c/Users/Parth Solanke/Documents/dev/ros2_ws/src/install/trial_tutorial_pkg/lib/python3.10/site-packages/trial_tutorial_pkg
[6.961s] copying /mnt/c/Users/Parth Solanke/Documents/dev/ros2_ws/src/build/trial_tutorial_pkg/build/lib/trial_tutorial_pkg/listener_node.py -> /mnt/c/Users/Parth Solanke/Documents/dev/ros2_ws/src/install/trial_tutorial_pkg/lib/python3.10/site-packages/trial_tutorial_pkg
[7.099s] copying /mnt/c/Users/Parth Solanke/Documents/dev/ros2_ws/src/build/trial_tutorial_pkg/build/lib/trial_tutorial_pkg/talker_node.py -> /mnt/c/Users/Parth Solanke/Documents/dev/ros2_ws/src/install/trial_tutorial_pkg/lib/python3.10/site-packages/trial_tutorial_pkg
[7.226s] copying /mnt/c/Users/Parth Solanke/Documents/dev/ros2_ws/src/build/trial_tutorial_pkg/build/lib/trial_tutorial_pkg/__init__.py -> /mnt/c/Users/Parth Solanke/Documents/dev/ros2_ws/src/install/trial_tutorial_pkg/lib/python3.10/site-packages/trial_tutorial_pkg
[7.350s] byte-compiling /mnt/c/Users/Parth Solanke/Documents/dev/ros2_ws/src/install/trial_tutorial_pkg/lib/python3.10/site-packages/trial_tutorial_pkg/listener_node.py to listener_node.cpython-310.pyc
[7.503s] byte-compiling /mnt/c/Users/Parth Solanke/Documents/dev/ros2_ws/src/install/trial_tutorial_pkg/lib/python3.10/site-packages/trial_tutorial_pkg/talker_node.py to talker_node.cpython-310.pyc
[7.645s] byte-compiling /mnt/c/Users/Parth Solanke/Documents/dev/ros2_ws/src/install/trial_tutorial_pkg/lib/python3.10/site-packages/trial_tutorial_pkg/__init__.py to __init__.cpython-310.pyc
[7.779s] running install_data
[7.806s] creating /mnt/c/Users/Parth Solanke/Documents/dev/ros2_ws/src/install/trial_tutorial_pkg/share/ament_index
[7.814s] creating /mnt/c/Users/Parth Solanke/Documents/dev/ros2_ws/src/install/trial_tutorial_pkg/share/ament_index/resource_index
[7.823s] creating /mnt/c/Users/Parth Solanke/Documents/dev/ros2_ws/src/install/trial_tutorial_pkg/share/ament_index/resource_index/packages
[7.863s] copying resource/trial_tutorial_pkg -> /mnt/c/Users/Parth Solanke/Documents/dev/ros2_ws/src/install/trial_tutorial_pkg/share/ament_index/resource_index/packages
[7.949s] copying package.xml -> /mnt/c/Users/Parth Solanke/Documents/dev/ros2_ws/src/install/trial_tutorial_pkg/share/trial_tutorial_pkg
[7.994s] running install_egg_info
[8.054s] Copying ../build/trial_tutorial_pkg/trial_tutorial_pkg.egg-info to /mnt/c/Users/Parth Solanke/Documents/dev/ros2_ws/src/install/trial_tutorial_pkg/lib/python3.10/site-packages/trial_tutorial_pkg-0.0.0-py3.10.egg-info
[9.005s] running install_scripts
[9.217s] Installing talker script to /mnt/c/Users/Parth Solanke/Documents/dev/ros2_ws/src/install/trial_tutorial_pkg/lib/trial_tutorial_pkg
[9.256s] writing list of installed files to '/mnt/c/Users/Parth Solanke/Documents/dev/ros2_ws/src/build/trial_tutorial_pkg/install.log'
[9.299s] Invoked command in '/mnt/c/Users/Parth Solanke/Documents/dev/ros2_ws/src/trial_tutorial_pkg' returned '0': PYTHONPATH=/mnt/c/Users/Parth Solanke/Documents/dev/ros2_ws/src/build/trial_tutorial_pkg/prefix_override:/mnt/c/Users/Parth Solanke/Documents/dev/ros2_ws/src/install/trial_tutorial_pkg/lib/python3.10/site-packages:${PYTHONPATH} WSLENV=ELECTRON_RUN_AS_NODE/w: /usr/bin/python3 setup.py egg_info --egg-base ../build/trial_tutorial_pkg build --build-base /mnt/c/Users/Parth Solanke/Documents/dev/ros2_ws/src/build/trial_tutorial_pkg/build install --record /mnt/c/Users/Parth Solanke/Documents/dev/ros2_ws/src/build/trial_tutorial_pkg/install.log --single-version-externally-managed
