[0.994s] DEBUG:colcon:Command line arguments: ['/usr/bin/colcon', 'build']
[0.995s] DEBUG:colcon:Parsed command line arguments: Namespace(log_base=None, log_level=None, verb_name='build', build_base='build', install_base='install', merge_install=False, symlink_install=False, test_result_base=None, continue_on_error=False, executor='parallel', parallel_workers=12, event_handlers=None, ignore_user_meta=False, metas=['./colcon.meta'], base_paths=['.'], packages_ignore=None, packages_ignore_regex=None, paths=None, packages_up_to=None, packages_up_to_regex=None, packages_above=None, packages_above_and_dependencies=None, packages_above_depth=None, packages_select_by_dep=None, packages_skip_by_dep=None, packages_skip_up_to=None, packages_select_build_failed=False, packages_skip_build_finished=False, packages_select_test_failures=False, packages_skip_test_passed=False, packages_select=None, packages_skip=None, packages_select_regex=None, packages_skip_regex=None, packages_start=None, packages_end=None, allow_overriding=[], cmake_args=None, cmake_target=None, cmake_target_skip_unavailable=False, cmake_clean_cache=False, cmake_clean_first=False, cmake_force_configure=False, ament_cmake_args=None, catkin_cmake_args=None, catkin_skip_building_tests=False, verb_parser=<colcon_defaults.argument_parser.defaults.DefaultArgumentsDecorator object at 0x7f353c282dd0>, verb_extension=<colcon_core.verb.build.BuildVerb object at 0x7f353c282860>, main=<bound method BuildVerb.main of <colcon_core.verb.build.BuildVerb object at 0x7f353c282860>>)
[1.082s] Level 1:colcon.colcon_core.package_discovery:discover_packages(colcon_meta) check parameters
[1.084s] Level 1:colcon.colcon_core.package_discovery:discover_packages(recursive) check parameters
[1.085s] Level 1:colcon.colcon_core.package_discovery:discover_packages(ignore) check parameters
[1.085s] Level 1:colcon.colcon_core.package_discovery:discover_packages(path) check parameters
[1.086s] Level 1:colcon.colcon_core.package_discovery:discover_packages(colcon_meta) discover
[1.087s] Level 1:colcon.colcon_core.package_discovery:discover_packages(recursive) discover
[1.088s] INFO:colcon.colcon_core.package_discovery:Crawling recursively for packages in '/mnt/c/Users/Parth Solanke/Documents/dev/ros2_ws'
[1.093s] Level 1:colcon.colcon_core.package_identification:_identify(.) by extensions ['ignore', 'ignore_ament_install']
[1.094s] Level 1:colcon.colcon_core.package_identification:_identify(.) by extension 'ignore'
[1.095s] Level 1:colcon.colcon_core.package_identification:_identify(.) by extension 'ignore_ament_install'
[1.096s] Level 1:colcon.colcon_core.package_identification:_identify(.) by extensions ['colcon_pkg']
[1.097s] Level 1:colcon.colcon_core.package_identification:_identify(.) by extension 'colcon_pkg'
[1.098s] Level 1:colcon.colcon_core.package_identification:_identify(.) by extensions ['colcon_meta']
[1.098s] Level 1:colcon.colcon_core.package_identification:_identify(.) by extension 'colcon_meta'
[1.099s] Level 1:colcon.colcon_core.package_identification:_identify(.) by extensions ['ros']
[1.099s] Level 1:colcon.colcon_core.package_identification:_identify(.) by extension 'ros'
[1.117s] Level 1:colcon.colcon_core.package_identification:_identify(.) by extensions ['cmake', 'python']
[1.117s] Level 1:colcon.colcon_core.package_identification:_identify(.) by extension 'cmake'
[1.119s] Level 1:colcon.colcon_core.package_identification:_identify(.) by extension 'python'
[1.120s] Level 1:colcon.colcon_core.package_identification:_identify(.) by extensions ['python_setup_py']
[1.120s] Level 1:colcon.colcon_core.package_identification:_identify(.) by extension 'python_setup_py'
[1.130s] Level 1:colcon.colcon_core.package_identification:_identify(build) by extensions ['ignore', 'ignore_ament_install']
[1.131s] Level 1:colcon.colcon_core.package_identification:_identify(build) by extension 'ignore'
[1.135s] Level 1:colcon.colcon_core.package_identification:_identify(build) ignored
[1.144s] Level 1:colcon.colcon_core.package_identification:_identify(install) by extensions ['ignore', 'ignore_ament_install']
[1.144s] Level 1:colcon.colcon_core.package_identification:_identify(install) by extension 'ignore'
[1.149s] Level 1:colcon.colcon_core.package_identification:_identify(install) ignored
[1.163s] Level 1:colcon.colcon_core.package_identification:_identify(log) by extensions ['ignore', 'ignore_ament_install']
[1.163s] Level 1:colcon.colcon_core.package_identification:_identify(log) by extension 'ignore'
[1.166s] Level 1:colcon.colcon_core.package_identification:_identify(log) ignored
[1.172s] Level 1:colcon.colcon_core.package_identification:_identify(src) by extensions ['ignore', 'ignore_ament_install']
[1.172s] Level 1:colcon.colcon_core.package_identification:_identify(src) by extension 'ignore'
[1.173s] Level 1:colcon.colcon_core.package_identification:_identify(src) by extension 'ignore_ament_install'
[1.175s] Level 1:colcon.colcon_core.package_identification:_identify(src) by extensions ['colcon_pkg']
[1.176s] Level 1:colcon.colcon_core.package_identification:_identify(src) by extension 'colcon_pkg'
[1.177s] Level 1:colcon.colcon_core.package_identification:_identify(src) by extensions ['colcon_meta']
[1.178s] Level 1:colcon.colcon_core.package_identification:_identify(src) by extension 'colcon_meta'
[1.179s] Level 1:colcon.colcon_core.package_identification:_identify(src) by extensions ['ros']
[1.180s] Level 1:colcon.colcon_core.package_identification:_identify(src) by extension 'ros'
[1.183s] Level 1:colcon.colcon_core.package_identification:_identify(src) by extensions ['cmake', 'python']
[1.184s] Level 1:colcon.colcon_core.package_identification:_identify(src) by extension 'cmake'
[1.185s] Level 1:colcon.colcon_core.package_identification:_identify(src) by extension 'python'
[1.187s] Level 1:colcon.colcon_core.package_identification:_identify(src) by extensions ['python_setup_py']
[1.187s] Level 1:colcon.colcon_core.package_identification:_identify(src) by extension 'python_setup_py'
[1.194s] Level 1:colcon.colcon_core.package_identification:_identify(src/trial_tutorial_pkg) by extensions ['ignore', 'ignore_ament_install']
[1.195s] Level 1:colcon.colcon_core.package_identification:_identify(src/trial_tutorial_pkg) by extension 'ignore'
[1.196s] Level 1:colcon.colcon_core.package_identification:_identify(src/trial_tutorial_pkg) by extension 'ignore_ament_install'
[1.198s] Level 1:colcon.colcon_core.package_identification:_identify(src/trial_tutorial_pkg) by extensions ['colcon_pkg']
[1.199s] Level 1:colcon.colcon_core.package_identification:_identify(src/trial_tutorial_pkg) by extension 'colcon_pkg'
[1.201s] Level 1:colcon.colcon_core.package_identification:_identify(src/trial_tutorial_pkg) by extensions ['colcon_meta']
[1.202s] Level 1:colcon.colcon_core.package_identification:_identify(src/trial_tutorial_pkg) by extension 'colcon_meta'
[1.204s] Level 1:colcon.colcon_core.package_identification:_identify(src/trial_tutorial_pkg) by extensions ['ros']
[1.204s] Level 1:colcon.colcon_core.package_identification:_identify(src/trial_tutorial_pkg) by extension 'ros'
[1.224s] DEBUG:colcon.colcon_core.package_identification:Package 'src/trial_tutorial_pkg' with type 'ros.ament_python' and name 'trial_tutorial_pkg'
[1.224s] Level 1:colcon.colcon_core.package_discovery:discover_packages(recursive) using defaults
[1.225s] Level 1:colcon.colcon_core.package_discovery:discover_packages(ignore) discover
[1.226s] Level 1:colcon.colcon_core.package_discovery:discover_packages(ignore) using defaults
[1.226s] Level 1:colcon.colcon_core.package_discovery:discover_packages(path) discover
[1.227s] Level 1:colcon.colcon_core.package_discovery:discover_packages(path) using defaults
[1.273s] Level 1:colcon.colcon_core.package_discovery:discover_packages(prefix_path) check parameters
[1.274s] Level 1:colcon.colcon_core.package_discovery:discover_packages(prefix_path) discover
[1.280s] DEBUG:colcon.colcon_installed_package_information.package_discovery:Found 23 installed packages in /home/cesty/ros2_ws/install
[1.282s] DEBUG:colcon.colcon_installed_package_information.package_discovery:Found 270 installed packages in /opt/ros/humble
[1.286s] Level 1:colcon.colcon_core.package_discovery:discover_packages(prefix_path) using defaults
[1.365s] Level 5:colcon.colcon_core.verb:set package 'trial_tutorial_pkg' build argument 'cmake_args' from command line to 'None'
[1.366s] Level 5:colcon.colcon_core.verb:set package 'trial_tutorial_pkg' build argument 'cmake_target' from command line to 'None'
[1.367s] Level 5:colcon.colcon_core.verb:set package 'trial_tutorial_pkg' build argument 'cmake_target_skip_unavailable' from command line to 'False'
[1.367s] Level 5:colcon.colcon_core.verb:set package 'trial_tutorial_pkg' build argument 'cmake_clean_cache' from command line to 'False'
[1.368s] Level 5:colcon.colcon_core.verb:set package 'trial_tutorial_pkg' build argument 'cmake_clean_first' from command line to 'False'
[1.368s] Level 5:colcon.colcon_core.verb:set package 'trial_tutorial_pkg' build argument 'cmake_force_configure' from command line to 'False'
[1.369s] Level 5:colcon.colcon_core.verb:set package 'trial_tutorial_pkg' build argument 'ament_cmake_args' from command line to 'None'
[1.370s] Level 5:colcon.colcon_core.verb:set package 'trial_tutorial_pkg' build argument 'catkin_cmake_args' from command line to 'None'
[1.370s] Level 5:colcon.colcon_core.verb:set package 'trial_tutorial_pkg' build argument 'catkin_skip_building_tests' from command line to 'False'
[1.371s] DEBUG:colcon.colcon_core.verb:Building package 'trial_tutorial_pkg' with the following arguments: {'ament_cmake_args': None, 'build_base': '/mnt/c/Users/Parth Solanke/Documents/dev/ros2_ws/build/trial_tutorial_pkg', 'catkin_cmake_args': None, 'catkin_skip_building_tests': False, 'cmake_args': None, 'cmake_clean_cache': False, 'cmake_clean_first': False, 'cmake_force_configure': False, 'cmake_target': None, 'cmake_target_skip_unavailable': False, 'install_base': '/mnt/c/Users/Parth Solanke/Documents/dev/ros2_ws/install/trial_tutorial_pkg', 'merge_install': False, 'path': '/mnt/c/Users/Parth Solanke/Documents/dev/ros2_ws/src/trial_tutorial_pkg', 'symlink_install': False, 'test_result_base': None}
[1.372s] INFO:colcon.colcon_core.executor:Executing jobs using 'parallel' executor
[1.377s] DEBUG:colcon.colcon_parallel_executor.executor.parallel:run_until_complete
[1.378s] INFO:colcon.colcon_ros.task.ament_python.build:Building ROS package in '/mnt/c/Users/Parth Solanke/Documents/dev/ros2_ws/src/trial_tutorial_pkg' with build type 'ament_python'
[1.379s] Level 1:colcon.colcon_core.shell:create_environment_hook('trial_tutorial_pkg', 'ament_prefix_path')
[1.388s] INFO:colcon.colcon_core.plugin_system:Skipping extension 'colcon_core.shell.bat': Not used on non-Windows systems
[1.389s] INFO:colcon.colcon_core.shell:Creating environment hook '/mnt/c/Users/Parth Solanke/Documents/dev/ros2_ws/install/trial_tutorial_pkg/share/trial_tutorial_pkg/hook/ament_prefix_path.ps1'
[1.432s] INFO:colcon.colcon_core.shell:Creating environment descriptor '/mnt/c/Users/Parth Solanke/Documents/dev/ros2_ws/install/trial_tutorial_pkg/share/trial_tutorial_pkg/hook/ament_prefix_path.dsv'
[1.472s] INFO:colcon.colcon_core.shell:Creating environment hook '/mnt/c/Users/Parth Solanke/Documents/dev/ros2_ws/install/trial_tutorial_pkg/share/trial_tutorial_pkg/hook/ament_prefix_path.sh'
[1.525s] INFO:colcon.colcon_core.shell:Skip shell extension 'powershell' for command environment: Not usable outside of PowerShell
[1.526s] DEBUG:colcon.colcon_core.shell:Skip shell extension 'dsv' for command environment
[2.080s] INFO:colcon.colcon_core.task.python.build:Building Python package in '/mnt/c/Users/Parth Solanke/Documents/dev/ros2_ws/src/trial_tutorial_pkg'
[2.083s] INFO:colcon.colcon_core.shell:Skip shell extension 'powershell' for command environment: Not usable outside of PowerShell
[2.083s] DEBUG:colcon.colcon_core.shell:Skip shell extension 'dsv' for command environment
[5.193s] DEBUG:colcon.colcon_core.event_handler.log_command:Invoking command in '/mnt/c/Users/Parth Solanke/Documents/dev/ros2_ws/src/trial_tutorial_pkg': PYTHONPATH=/mnt/c/Users/Parth Solanke/Documents/dev/ros2_ws/build/trial_tutorial_pkg/prefix_override:/mnt/c/Users/Parth Solanke/Documents/dev/ros2_ws/install/trial_tutorial_pkg/lib/python3.10/site-packages:${PYTHONPATH} WSLENV=ELECTRON_RUN_AS_NODE/w: /usr/bin/python3 setup.py egg_info --egg-base ../../build/trial_tutorial_pkg build --build-base /mnt/c/Users/Parth Solanke/Documents/dev/ros2_ws/build/trial_tutorial_pkg/build install --record /mnt/c/Users/Parth Solanke/Documents/dev/ros2_ws/build/trial_tutorial_pkg/install.log --single-version-externally-managed
[10.144s] DEBUG:colcon.colcon_core.event_handler.log_command:Invoked command in '/mnt/c/Users/Parth Solanke/Documents/dev/ros2_ws/src/trial_tutorial_pkg' returned '0': PYTHONPATH=/mnt/c/Users/Parth Solanke/Documents/dev/ros2_ws/build/trial_tutorial_pkg/prefix_override:/mnt/c/Users/Parth Solanke/Documents/dev/ros2_ws/install/trial_tutorial_pkg/lib/python3.10/site-packages:${PYTHONPATH} WSLENV=ELECTRON_RUN_AS_NODE/w: /usr/bin/python3 setup.py egg_info --egg-base ../../build/trial_tutorial_pkg build --build-base /mnt/c/Users/Parth Solanke/Documents/dev/ros2_ws/build/trial_tutorial_pkg/build install --record /mnt/c/Users/Parth Solanke/Documents/dev/ros2_ws/build/trial_tutorial_pkg/install.log --single-version-externally-managed
[10.146s] Level 1:colcon.colcon_core.environment:checking '/mnt/c/Users/Parth Solanke/Documents/dev/ros2_ws/install/trial_tutorial_pkg' for CMake module files
[10.348s] Level 1:colcon.colcon_core.environment:checking '/mnt/c/Users/Parth Solanke/Documents/dev/ros2_ws/install/trial_tutorial_pkg' for CMake config files
[10.655s] Level 1:colcon.colcon_core.environment:checking '/mnt/c/Users/Parth Solanke/Documents/dev/ros2_ws/install/trial_tutorial_pkg/lib'
[10.669s] Level 1:colcon.colcon_core.environment:checking '/mnt/c/Users/Parth Solanke/Documents/dev/ros2_ws/install/trial_tutorial_pkg/bin'
[10.673s] Level 1:colcon.colcon_core.environment:checking '/mnt/c/Users/Parth Solanke/Documents/dev/ros2_ws/install/trial_tutorial_pkg/lib/pkgconfig/trial_tutorial_pkg.pc'
[10.679s] Level 1:colcon.colcon_core.environment:checking '/mnt/c/Users/Parth Solanke/Documents/dev/ros2_ws/install/trial_tutorial_pkg/lib/python3.10/site-packages'
[10.688s] Level 1:colcon.colcon_core.shell:create_environment_hook('trial_tutorial_pkg', 'pythonpath')
[10.691s] INFO:colcon.colcon_core.shell:Creating environment hook '/mnt/c/Users/Parth Solanke/Documents/dev/ros2_ws/install/trial_tutorial_pkg/share/trial_tutorial_pkg/hook/pythonpath.ps1'
[10.739s] INFO:colcon.colcon_core.shell:Creating environment descriptor '/mnt/c/Users/Parth Solanke/Documents/dev/ros2_ws/install/trial_tutorial_pkg/share/trial_tutorial_pkg/hook/pythonpath.dsv'
[10.790s] INFO:colcon.colcon_core.shell:Creating environment hook '/mnt/c/Users/Parth Solanke/Documents/dev/ros2_ws/install/trial_tutorial_pkg/share/trial_tutorial_pkg/hook/pythonpath.sh'
[10.836s] Level 1:colcon.colcon_core.environment:checking '/mnt/c/Users/Parth Solanke/Documents/dev/ros2_ws/install/trial_tutorial_pkg/bin'
[10.841s] Level 1:colcon.colcon_core.environment:create_environment_scripts_only(trial_tutorial_pkg)
[10.843s] INFO:colcon.colcon_core.shell:Creating package script '/mnt/c/Users/Parth Solanke/Documents/dev/ros2_ws/install/trial_tutorial_pkg/share/trial_tutorial_pkg/package.ps1'
[10.882s] INFO:colcon.colcon_core.shell:Creating package descriptor '/mnt/c/Users/Parth Solanke/Documents/dev/ros2_ws/install/trial_tutorial_pkg/share/trial_tutorial_pkg/package.dsv'
[10.923s] INFO:colcon.colcon_core.shell:Creating package script '/mnt/c/Users/Parth Solanke/Documents/dev/ros2_ws/install/trial_tutorial_pkg/share/trial_tutorial_pkg/package.sh'
[10.967s] INFO:colcon.colcon_core.shell:Creating package script '/mnt/c/Users/Parth Solanke/Documents/dev/ros2_ws/install/trial_tutorial_pkg/share/trial_tutorial_pkg/package.bash'
[11.011s] INFO:colcon.colcon_core.shell:Creating package script '/mnt/c/Users/Parth Solanke/Documents/dev/ros2_ws/install/trial_tutorial_pkg/share/trial_tutorial_pkg/package.zsh'
[11.056s] Level 1:colcon.colcon_core.environment:create_file_with_runtime_dependencies(/mnt/c/Users/Parth Solanke/Documents/dev/ros2_ws/install/trial_tutorial_pkg/share/colcon-core/packages/trial_tutorial_pkg)
[11.091s] DEBUG:colcon.colcon_parallel_executor.executor.parallel:closing loop
[11.092s] DEBUG:colcon.colcon_parallel_executor.executor.parallel:loop closed
[11.093s] DEBUG:colcon.colcon_parallel_executor.executor.parallel:run_until_complete finished with '0'
[11.094s] DEBUG:colcon.colcon_core.event_reactor:joining thread
[11.304s] INFO:colcon.colcon_core.plugin_system:Skipping extension 'colcon_notification.desktop_notification.notify_send': Could not find 'notify-send'
[11.305s] INFO:colcon.colcon_core.plugin_system:Skipping extension 'colcon_notification.desktop_notification.terminal_notifier': Not used on non-Darwin systems
[11.306s] INFO:colcon.colcon_core.plugin_system:Skipping extension 'colcon_notification.desktop_notification.win32': Not used on non-Windows systems
[11.307s] INFO:colcon.colcon_notification.desktop_notification:Sending desktop notification using 'notify2'
[11.315s] DEBUG:colcon.colcon_notification.desktop_notification.notify2:Failed to initialize notify2: org.freedesktop.DBus.Error.ServiceUnknown: The name org.freedesktop.Notifications was not provided by any .service files
[11.316s] DEBUG:colcon.colcon_core.event_reactor:joined thread
[11.319s] INFO:colcon.colcon_core.shell:Creating prefix script '/mnt/c/Users/Parth Solanke/Documents/dev/ros2_ws/install/local_setup.ps1'
[11.338s] INFO:colcon.colcon_core.shell:Creating prefix util module '/mnt/c/Users/Parth Solanke/Documents/dev/ros2_ws/install/_local_setup_util_ps1.py'
[11.356s] INFO:colcon.colcon_core.shell:Creating prefix chain script '/mnt/c/Users/Parth Solanke/Documents/dev/ros2_ws/install/setup.ps1'
[11.375s] INFO:colcon.colcon_core.shell:Creating prefix script '/mnt/c/Users/Parth Solanke/Documents/dev/ros2_ws/install/local_setup.sh'
[11.392s] INFO:colcon.colcon_core.shell:Creating prefix util module '/mnt/c/Users/Parth Solanke/Documents/dev/ros2_ws/install/_local_setup_util_sh.py'
[11.409s] INFO:colcon.colcon_core.shell:Creating prefix chain script '/mnt/c/Users/Parth Solanke/Documents/dev/ros2_ws/install/setup.sh'
[11.429s] INFO:colcon.colcon_core.shell:Creating prefix script '/mnt/c/Users/Parth Solanke/Documents/dev/ros2_ws/install/local_setup.bash'
[11.446s] INFO:colcon.colcon_core.shell:Creating prefix chain script '/mnt/c/Users/Parth Solanke/Documents/dev/ros2_ws/install/setup.bash'
[11.466s] INFO:colcon.colcon_core.shell:Creating prefix script '/mnt/c/Users/Parth Solanke/Documents/dev/ros2_ws/install/local_setup.zsh'
[11.484s] INFO:colcon.colcon_core.shell:Creating prefix chain script '/mnt/c/Users/Parth Solanke/Documents/dev/ros2_ws/install/setup.zsh'
