[1.988s] DEBUG:colcon:Command line arguments: ['/usr/bin/colcon', 'build', '--symlink-install']
[1.988s] DEBUG:colcon:Parsed command line arguments: Namespace(log_base=None, log_level=None, verb_name='build', build_base='build', install_base='install', merge_install=False, symlink_install=True, test_result_base=None, continue_on_error=False, executor='parallel', parallel_workers=12, event_handlers=None, ignore_user_meta=False, metas=['./colcon.meta'], base_paths=['.'], packages_ignore=None, packages_ignore_regex=None, paths=None, packages_up_to=None, packages_up_to_regex=None, packages_above=None, packages_above_and_dependencies=None, packages_above_depth=None, packages_select_by_dep=None, packages_skip_by_dep=None, packages_skip_up_to=None, packages_select_build_failed=False, packages_skip_build_finished=False, packages_select_test_failures=False, packages_skip_test_passed=False, packages_select=None, packages_skip=None, packages_select_regex=None, packages_skip_regex=None, packages_start=None, packages_end=None, allow_overriding=[], cmake_args=None, cmake_target=None, cmake_target_skip_unavailable=False, cmake_clean_cache=False, cmake_clean_first=False, cmake_force_configure=False, ament_cmake_args=None, catkin_cmake_args=None, catkin_skip_building_tests=False, verb_parser=<colcon_defaults.argument_parser.defaults.DefaultArgumentsDecorator object at 0x7f102cd6f4c0>, verb_extension=<colcon_core.verb.build.BuildVerb object at 0x7f102cd6ef50>, main=<bound method BuildVerb.main of <colcon_core.verb.build.BuildVerb object at 0x7f102cd6ef50>>)
[2.209s] Level 1:colcon.colcon_core.package_discovery:discover_packages(colcon_meta) check parameters
[2.210s] Level 1:colcon.colcon_core.package_discovery:discover_packages(recursive) check parameters
[2.211s] Level 1:colcon.colcon_core.package_discovery:discover_packages(ignore) check parameters
[2.211s] Level 1:colcon.colcon_core.package_discovery:discover_packages(path) check parameters
[2.212s] Level 1:colcon.colcon_core.package_discovery:discover_packages(colcon_meta) discover
[2.213s] Level 1:colcon.colcon_core.package_discovery:discover_packages(recursive) discover
[2.214s] INFO:colcon.colcon_core.package_discovery:Crawling recursively for packages in '/mnt/c/Users/Parth Solanke/Documents/dev/ros2_ws'
[2.219s] Level 1:colcon.colcon_core.package_identification:_identify(.) by extensions ['ignore', 'ignore_ament_install']
[2.220s] Level 1:colcon.colcon_core.package_identification:_identify(.) by extension 'ignore'
[2.221s] Level 1:colcon.colcon_core.package_identification:_identify(.) by extension 'ignore_ament_install'
[2.223s] Level 1:colcon.colcon_core.package_identification:_identify(.) by extensions ['colcon_pkg']
[2.223s] Level 1:colcon.colcon_core.package_identification:_identify(.) by extension 'colcon_pkg'
[2.225s] Level 1:colcon.colcon_core.package_identification:_identify(.) by extensions ['colcon_meta']
[2.225s] Level 1:colcon.colcon_core.package_identification:_identify(.) by extension 'colcon_meta'
[2.226s] Level 1:colcon.colcon_core.package_identification:_identify(.) by extensions ['ros']
[2.227s] Level 1:colcon.colcon_core.package_identification:_identify(.) by extension 'ros'
[2.258s] Level 1:colcon.colcon_core.package_identification:_identify(.) by extensions ['cmake', 'python']
[2.259s] Level 1:colcon.colcon_core.package_identification:_identify(.) by extension 'cmake'
[2.260s] Level 1:colcon.colcon_core.package_identification:_identify(.) by extension 'python'
[2.262s] Level 1:colcon.colcon_core.package_identification:_identify(.) by extensions ['python_setup_py']
[2.263s] Level 1:colcon.colcon_core.package_identification:_identify(.) by extension 'python_setup_py'
[2.272s] Level 1:colcon.colcon_core.package_identification:_identify(build) by extensions ['ignore', 'ignore_ament_install']
[2.273s] Level 1:colcon.colcon_core.package_identification:_identify(build) by extension 'ignore'
[2.278s] Level 1:colcon.colcon_core.package_identification:_identify(build) ignored
[2.287s] Level 1:colcon.colcon_core.package_identification:_identify(install) by extensions ['ignore', 'ignore_ament_install']
[2.287s] Level 1:colcon.colcon_core.package_identification:_identify(install) by extension 'ignore'
[2.292s] Level 1:colcon.colcon_core.package_identification:_identify(install) ignored
[2.306s] Level 1:colcon.colcon_core.package_identification:_identify(log) by extensions ['ignore', 'ignore_ament_install']
[2.306s] Level 1:colcon.colcon_core.package_identification:_identify(log) by extension 'ignore'
[2.309s] Level 1:colcon.colcon_core.package_identification:_identify(log) ignored
[2.315s] Level 1:colcon.colcon_core.package_identification:_identify(src) by extensions ['ignore', 'ignore_ament_install']
[2.315s] Level 1:colcon.colcon_core.package_identification:_identify(src) by extension 'ignore'
[2.317s] Level 1:colcon.colcon_core.package_identification:_identify(src) by extension 'ignore_ament_install'
[2.318s] Level 1:colcon.colcon_core.package_identification:_identify(src) by extensions ['colcon_pkg']
[2.319s] Level 1:colcon.colcon_core.package_identification:_identify(src) by extension 'colcon_pkg'
[2.320s] Level 1:colcon.colcon_core.package_identification:_identify(src) by extensions ['colcon_meta']
[2.321s] Level 1:colcon.colcon_core.package_identification:_identify(src) by extension 'colcon_meta'
[2.322s] Level 1:colcon.colcon_core.package_identification:_identify(src) by extensions ['ros']
[2.323s] Level 1:colcon.colcon_core.package_identification:_identify(src) by extension 'ros'
[2.327s] Level 1:colcon.colcon_core.package_identification:_identify(src) by extensions ['cmake', 'python']
[2.328s] Level 1:colcon.colcon_core.package_identification:_identify(src) by extension 'cmake'
[2.329s] Level 1:colcon.colcon_core.package_identification:_identify(src) by extension 'python'
[2.330s] Level 1:colcon.colcon_core.package_identification:_identify(src) by extensions ['python_setup_py']
[2.331s] Level 1:colcon.colcon_core.package_identification:_identify(src) by extension 'python_setup_py'
[2.342s] Level 1:colcon.colcon_core.package_identification:_identify(src/build) by extensions ['ignore', 'ignore_ament_install']
[2.342s] Level 1:colcon.colcon_core.package_identification:_identify(src/build) by extension 'ignore'
[2.347s] Level 1:colcon.colcon_core.package_identification:_identify(src/build) ignored
[2.356s] Level 1:colcon.colcon_core.package_identification:_identify(src/install) by extensions ['ignore', 'ignore_ament_install']
[2.357s] Level 1:colcon.colcon_core.package_identification:_identify(src/install) by extension 'ignore'
[2.361s] Level 1:colcon.colcon_core.package_identification:_identify(src/install) ignored
[2.383s] Level 1:colcon.colcon_core.package_identification:_identify(src/log) by extensions ['ignore', 'ignore_ament_install']
[2.384s] Level 1:colcon.colcon_core.package_identification:_identify(src/log) by extension 'ignore'
[2.388s] Level 1:colcon.colcon_core.package_identification:_identify(src/log) ignored
[2.397s] Level 1:colcon.colcon_core.package_identification:_identify(src/trial_tutorial_pkg) by extensions ['ignore', 'ignore_ament_install']
[2.398s] Level 1:colcon.colcon_core.package_identification:_identify(src/trial_tutorial_pkg) by extension 'ignore'
[2.401s] Level 1:colcon.colcon_core.package_identification:_identify(src/trial_tutorial_pkg) by extension 'ignore_ament_install'
[2.406s] Level 1:colcon.colcon_core.package_identification:_identify(src/trial_tutorial_pkg) by extensions ['colcon_pkg']
[2.407s] Level 1:colcon.colcon_core.package_identification:_identify(src/trial_tutorial_pkg) by extension 'colcon_pkg'
[2.410s] Level 1:colcon.colcon_core.package_identification:_identify(src/trial_tutorial_pkg) by extensions ['colcon_meta']
[2.411s] Level 1:colcon.colcon_core.package_identification:_identify(src/trial_tutorial_pkg) by extension 'colcon_meta'
[2.414s] Level 1:colcon.colcon_core.package_identification:_identify(src/trial_tutorial_pkg) by extensions ['ros']
[2.415s] Level 1:colcon.colcon_core.package_identification:_identify(src/trial_tutorial_pkg) by extension 'ros'
[2.450s] DEBUG:colcon.colcon_core.package_identification:Package 'src/trial_tutorial_pkg' with type 'ros.ament_python' and name 'trial_tutorial_pkg'
[2.451s] Level 1:colcon.colcon_core.package_discovery:discover_packages(recursive) using defaults
[2.452s] Level 1:colcon.colcon_core.package_discovery:discover_packages(ignore) discover
[2.453s] Level 1:colcon.colcon_core.package_discovery:discover_packages(ignore) using defaults
[2.453s] Level 1:colcon.colcon_core.package_discovery:discover_packages(path) discover
[2.454s] Level 1:colcon.colcon_core.package_discovery:discover_packages(path) using defaults
[2.674s] Level 1:colcon.colcon_core.package_discovery:discover_packages(prefix_path) check parameters
[2.674s] Level 1:colcon.colcon_core.package_discovery:discover_packages(prefix_path) discover
[2.796s] DEBUG:colcon.colcon_installed_package_information.package_discovery:Found 1 installed packages in /mnt/c/Users/Parth Solanke/Documents/dev/ros2_ws/install
[2.799s] DEBUG:colcon.colcon_installed_package_information.package_discovery:Found 23 installed packages in /home/cesty/ros2_ws/install
[2.801s] DEBUG:colcon.colcon_installed_package_information.package_discovery:Found 270 installed packages in /opt/ros/humble
[2.805s] Level 1:colcon.colcon_core.package_discovery:discover_packages(prefix_path) using defaults
[2.930s] Level 5:colcon.colcon_core.verb:set package 'trial_tutorial_pkg' build argument 'cmake_args' from command line to 'None'
[2.931s] Level 5:colcon.colcon_core.verb:set package 'trial_tutorial_pkg' build argument 'cmake_target' from command line to 'None'
[2.931s] Level 5:colcon.colcon_core.verb:set package 'trial_tutorial_pkg' build argument 'cmake_target_skip_unavailable' from command line to 'False'
[2.932s] Level 5:colcon.colcon_core.verb:set package 'trial_tutorial_pkg' build argument 'cmake_clean_cache' from command line to 'False'
[2.932s] Level 5:colcon.colcon_core.verb:set package 'trial_tutorial_pkg' build argument 'cmake_clean_first' from command line to 'False'
[2.933s] Level 5:colcon.colcon_core.verb:set package 'trial_tutorial_pkg' build argument 'cmake_force_configure' from command line to 'False'
[2.934s] Level 5:colcon.colcon_core.verb:set package 'trial_tutorial_pkg' build argument 'ament_cmake_args' from command line to 'None'
[2.934s] Level 5:colcon.colcon_core.verb:set package 'trial_tutorial_pkg' build argument 'catkin_cmake_args' from command line to 'None'
[2.935s] Level 5:colcon.colcon_core.verb:set package 'trial_tutorial_pkg' build argument 'catkin_skip_building_tests' from command line to 'False'
[2.935s] DEBUG:colcon.colcon_core.verb:Building package 'trial_tutorial_pkg' with the following arguments: {'ament_cmake_args': None, 'build_base': '/mnt/c/Users/Parth Solanke/Documents/dev/ros2_ws/build/trial_tutorial_pkg', 'catkin_cmake_args': None, 'catkin_skip_building_tests': False, 'cmake_args': None, 'cmake_clean_cache': False, 'cmake_clean_first': False, 'cmake_force_configure': False, 'cmake_target': None, 'cmake_target_skip_unavailable': False, 'install_base': '/mnt/c/Users/Parth Solanke/Documents/dev/ros2_ws/install/trial_tutorial_pkg', 'merge_install': False, 'path': '/mnt/c/Users/Parth Solanke/Documents/dev/ros2_ws/src/trial_tutorial_pkg', 'symlink_install': True, 'test_result_base': None}
[2.937s] INFO:colcon.colcon_core.executor:Executing jobs using 'parallel' executor
[2.941s] DEBUG:colcon.colcon_parallel_executor.executor.parallel:run_until_complete
[2.943s] INFO:colcon.colcon_ros.task.ament_python.build:Building ROS package in '/mnt/c/Users/Parth Solanke/Documents/dev/ros2_ws/src/trial_tutorial_pkg' with build type 'ament_python'
[2.943s] Level 1:colcon.colcon_core.shell:create_environment_hook('trial_tutorial_pkg', 'ament_prefix_path')
[2.978s] INFO:colcon.colcon_core.plugin_system:Skipping extension 'colcon_core.shell.bat': Not used on non-Windows systems
[2.979s] INFO:colcon.colcon_core.shell:Creating environment hook '/mnt/c/Users/Parth Solanke/Documents/dev/ros2_ws/install/trial_tutorial_pkg/share/trial_tutorial_pkg/hook/ament_prefix_path.ps1'
[3.030s] INFO:colcon.colcon_core.shell:Creating environment descriptor '/mnt/c/Users/Parth Solanke/Documents/dev/ros2_ws/install/trial_tutorial_pkg/share/trial_tutorial_pkg/hook/ament_prefix_path.dsv'
[3.080s] INFO:colcon.colcon_core.shell:Creating environment hook '/mnt/c/Users/Parth Solanke/Documents/dev/ros2_ws/install/trial_tutorial_pkg/share/trial_tutorial_pkg/hook/ament_prefix_path.sh'
[3.131s] INFO:colcon.colcon_core.shell:Skip shell extension 'powershell' for command environment: Not usable outside of PowerShell
[3.132s] DEBUG:colcon.colcon_core.shell:Skip shell extension 'dsv' for command environment
[5.470s] INFO:colcon.colcon_core.task.python.build:Building Python package in '/mnt/c/Users/Parth Solanke/Documents/dev/ros2_ws/src/trial_tutorial_pkg'
[5.473s] INFO:colcon.colcon_core.shell:Skip shell extension 'powershell' for command environment: Not usable outside of PowerShell
[5.474s] DEBUG:colcon.colcon_core.shell:Skip shell extension 'dsv' for command environment
[9.610s] DEBUG:colcon.colcon_core.event_handler.log_command:Invoking command in '/mnt/c/Users/Parth Solanke/Documents/dev/ros2_ws/build/trial_tutorial_pkg': PYTHONPATH=/mnt/c/Users/Parth Solanke/Documents/dev/ros2_ws/build/trial_tutorial_pkg/prefix_override:/mnt/c/Users/Parth Solanke/Documents/dev/ros2_ws/install/trial_tutorial_pkg/lib/python3.10/site-packages:${PYTHONPATH} WSLENV=ELECTRON_RUN_AS_NODE/w: /usr/bin/python3 setup.py develop --editable --build-directory /mnt/c/Users/Parth Solanke/Documents/dev/ros2_ws/build/trial_tutorial_pkg/build --no-deps install_data
[14.059s] Level 1:colcon.colcon_core.shell:create_environment_hook('trial_tutorial_pkg', 'pythonpath_develop')
[14.062s] INFO:colcon.colcon_core.shell:Creating environment hook '/mnt/c/Users/Parth Solanke/Documents/dev/ros2_ws/build/trial_tutorial_pkg/share/trial_tutorial_pkg/hook/pythonpath_develop.ps1'
[14.074s] DEBUG:colcon.colcon_core.event_handler.log_command:Invoked command in '/mnt/c/Users/Parth Solanke/Documents/dev/ros2_ws/build/trial_tutorial_pkg' returned '0': PYTHONPATH=/mnt/c/Users/Parth Solanke/Documents/dev/ros2_ws/build/trial_tutorial_pkg/prefix_override:/mnt/c/Users/Parth Solanke/Documents/dev/ros2_ws/install/trial_tutorial_pkg/lib/python3.10/site-packages:${PYTHONPATH} WSLENV=ELECTRON_RUN_AS_NODE/w: /usr/bin/python3 setup.py develop --editable --build-directory /mnt/c/Users/Parth Solanke/Documents/dev/ros2_ws/build/trial_tutorial_pkg/build --no-deps install_data
[14.114s] INFO:colcon.colcon_core.shell:Creating environment descriptor '/mnt/c/Users/Parth Solanke/Documents/dev/ros2_ws/build/trial_tutorial_pkg/share/trial_tutorial_pkg/hook/pythonpath_develop.dsv'
[14.167s] INFO:colcon.colcon_core.shell:Creating environment hook '/mnt/c/Users/Parth Solanke/Documents/dev/ros2_ws/build/trial_tutorial_pkg/share/trial_tutorial_pkg/hook/pythonpath_develop.sh'
[14.255s] Level 1:colcon.colcon_core.environment:checking '/mnt/c/Users/Parth Solanke/Documents/dev/ros2_ws/install/trial_tutorial_pkg' for CMake module files
[14.489s] Level 1:colcon.colcon_core.environment:checking '/mnt/c/Users/Parth Solanke/Documents/dev/ros2_ws/install/trial_tutorial_pkg' for CMake config files
[14.741s] Level 1:colcon.colcon_core.environment:checking '/mnt/c/Users/Parth Solanke/Documents/dev/ros2_ws/install/trial_tutorial_pkg/lib'
[14.757s] Level 1:colcon.colcon_core.environment:checking '/mnt/c/Users/Parth Solanke/Documents/dev/ros2_ws/install/trial_tutorial_pkg/bin'
[14.761s] Level 1:colcon.colcon_core.environment:checking '/mnt/c/Users/Parth Solanke/Documents/dev/ros2_ws/install/trial_tutorial_pkg/lib/pkgconfig/trial_tutorial_pkg.pc'
[14.768s] Level 1:colcon.colcon_core.environment:checking '/mnt/c/Users/Parth Solanke/Documents/dev/ros2_ws/install/trial_tutorial_pkg/lib/python3.10/site-packages'
[14.778s] Level 1:colcon.colcon_core.shell:create_environment_hook('trial_tutorial_pkg', 'pythonpath')
[14.781s] INFO:colcon.colcon_core.shell:Creating environment hook '/mnt/c/Users/Parth Solanke/Documents/dev/ros2_ws/install/trial_tutorial_pkg/share/trial_tutorial_pkg/hook/pythonpath.ps1'
[14.831s] INFO:colcon.colcon_core.shell:Creating environment descriptor '/mnt/c/Users/Parth Solanke/Documents/dev/ros2_ws/install/trial_tutorial_pkg/share/trial_tutorial_pkg/hook/pythonpath.dsv'
[14.885s] INFO:colcon.colcon_core.shell:Creating environment hook '/mnt/c/Users/Parth Solanke/Documents/dev/ros2_ws/install/trial_tutorial_pkg/share/trial_tutorial_pkg/hook/pythonpath.sh'
[14.940s] Level 1:colcon.colcon_core.environment:checking '/mnt/c/Users/Parth Solanke/Documents/dev/ros2_ws/install/trial_tutorial_pkg/bin'
[14.945s] Level 1:colcon.colcon_core.environment:create_environment_scripts_only(trial_tutorial_pkg)
[14.948s] INFO:colcon.colcon_core.shell:Creating package script '/mnt/c/Users/Parth Solanke/Documents/dev/ros2_ws/install/trial_tutorial_pkg/share/trial_tutorial_pkg/package.ps1'
[14.994s] INFO:colcon.colcon_core.shell:Creating package descriptor '/mnt/c/Users/Parth Solanke/Documents/dev/ros2_ws/install/trial_tutorial_pkg/share/trial_tutorial_pkg/package.dsv'
[15.040s] INFO:colcon.colcon_core.shell:Creating package script '/mnt/c/Users/Parth Solanke/Documents/dev/ros2_ws/install/trial_tutorial_pkg/share/trial_tutorial_pkg/package.sh'
[15.086s] INFO:colcon.colcon_core.shell:Creating package script '/mnt/c/Users/Parth Solanke/Documents/dev/ros2_ws/install/trial_tutorial_pkg/share/trial_tutorial_pkg/package.bash'
[15.131s] INFO:colcon.colcon_core.shell:Creating package script '/mnt/c/Users/Parth Solanke/Documents/dev/ros2_ws/install/trial_tutorial_pkg/share/trial_tutorial_pkg/package.zsh'
[15.175s] Level 1:colcon.colcon_core.environment:create_file_with_runtime_dependencies(/mnt/c/Users/Parth Solanke/Documents/dev/ros2_ws/install/trial_tutorial_pkg/share/colcon-core/packages/trial_tutorial_pkg)
[15.209s] DEBUG:colcon.colcon_parallel_executor.executor.parallel:closing loop
[15.210s] DEBUG:colcon.colcon_parallel_executor.executor.parallel:loop closed
[15.211s] DEBUG:colcon.colcon_parallel_executor.executor.parallel:run_until_complete finished with '0'
[15.212s] DEBUG:colcon.colcon_core.event_reactor:joining thread
[15.460s] INFO:colcon.colcon_core.plugin_system:Skipping extension 'colcon_notification.desktop_notification.notify_send': Could not find 'notify-send'
[15.461s] INFO:colcon.colcon_core.plugin_system:Skipping extension 'colcon_notification.desktop_notification.terminal_notifier': Not used on non-Darwin systems
[15.462s] INFO:colcon.colcon_core.plugin_system:Skipping extension 'colcon_notification.desktop_notification.win32': Not used on non-Windows systems
[15.463s] INFO:colcon.colcon_notification.desktop_notification:Sending desktop notification using 'notify2'
[15.470s] DEBUG:colcon.colcon_notification.desktop_notification.notify2:Failed to initialize notify2: org.freedesktop.DBus.Error.ServiceUnknown: The name org.freedesktop.Notifications was not provided by any .service files
[15.471s] DEBUG:colcon.colcon_core.event_reactor:joined thread
[15.475s] INFO:colcon.colcon_core.shell:Creating prefix script '/mnt/c/Users/Parth Solanke/Documents/dev/ros2_ws/install/local_setup.ps1'
[15.495s] INFO:colcon.colcon_core.shell:Creating prefix util module '/mnt/c/Users/Parth Solanke/Documents/dev/ros2_ws/install/_local_setup_util_ps1.py'
[15.515s] INFO:colcon.colcon_core.shell:Creating prefix chain script '/mnt/c/Users/Parth Solanke/Documents/dev/ros2_ws/install/setup.ps1'
[15.560s] INFO:colcon.colcon_core.shell:Creating prefix script '/mnt/c/Users/Parth Solanke/Documents/dev/ros2_ws/install/local_setup.sh'
[15.578s] INFO:colcon.colcon_core.shell:Creating prefix util module '/mnt/c/Users/Parth Solanke/Documents/dev/ros2_ws/install/_local_setup_util_sh.py'
[15.594s] INFO:colcon.colcon_core.shell:Creating prefix chain script '/mnt/c/Users/Parth Solanke/Documents/dev/ros2_ws/install/setup.sh'
[15.636s] INFO:colcon.colcon_core.shell:Creating prefix script '/mnt/c/Users/Parth Solanke/Documents/dev/ros2_ws/install/local_setup.bash'
[15.653s] INFO:colcon.colcon_core.shell:Creating prefix chain script '/mnt/c/Users/Parth Solanke/Documents/dev/ros2_ws/install/setup.bash'
[15.697s] INFO:colcon.colcon_core.shell:Creating prefix script '/mnt/c/Users/Parth Solanke/Documents/dev/ros2_ws/install/local_setup.zsh'
[15.713s] INFO:colcon.colcon_core.shell:Creating prefix chain script '/mnt/c/Users/Parth Solanke/Documents/dev/ros2_ws/install/setup.zsh'
