[3.974s] Invoking command in '/mnt/c/Users/Parth Solanke/Documents/dev/ros2_ws/src/trial_tutorial_pkg': PYTHONPATH=/mnt/c/Users/Parth Solanke/Documents/dev/ros2_ws/build/trial_tutorial_pkg/prefix_override:/mnt/c/Users/Parth Solanke/Documents/dev/ros2_ws/install/trial_tutorial_pkg/lib/python3.10/site-packages:${PYTHONPATH} /usr/bin/python3 setup.py egg_info --egg-base ../../build/trial_tutorial_pkg build --build-base /mnt/c/Users/Parth Solanke/Documents/dev/ros2_ws/build/trial_tutorial_pkg/build install --record /mnt/c/Users/Parth Solanke/Documents/dev/ros2_ws/build/trial_tutorial_pkg/install.log --single-version-externally-managed
[6.332s] running egg_info
[6.349s] writing ../../build/trial_tutorial_pkg/trial_tutorial_pkg.egg-info/PKG-INFO
[6.373s] writing dependency_links to ../../build/trial_tutorial_pkg/trial_tutorial_pkg.egg-info/dependency_links.txt
[6.396s] writing entry points to ../../build/trial_tutorial_pkg/trial_tutorial_pkg.egg-info/entry_points.txt
[6.414s] writing requirements to ../../build/trial_tutorial_pkg/trial_tutorial_pkg.egg-info/requires.txt
[6.426s] writing top-level names to ../../build/trial_tutorial_pkg/trial_tutorial_pkg.egg-info/top_level.txt
[6.559s] reading manifest file '../../build/trial_tutorial_pkg/trial_tutorial_pkg.egg-info/SOURCES.txt'
[6.832s] writing manifest file '../../build/trial_tutorial_pkg/trial_tutorial_pkg.egg-info/SOURCES.txt'
[6.835s] running build
[6.839s] running build_py
[7.006s] running install
[7.009s] running install_lib
[7.500s] running install_data
[7.603s] running install_egg_info
[7.642s] removing '/mnt/c/Users/Parth Solanke/Documents/dev/ros2_ws/install/trial_tutorial_pkg/lib/python3.10/site-packages/trial_tutorial_pkg-0.0.0-py3.10.egg-info' (and everything under it)
[7.864s] Copying ../../build/trial_tutorial_pkg/trial_tutorial_pkg.egg-info to /mnt/c/Users/Parth Solanke/Documents/dev/ros2_ws/install/trial_tutorial_pkg/lib/python3.10/site-packages/trial_tutorial_pkg-0.0.0-py3.10.egg-info
[8.798s] running install_scripts
[9.030s] Installing talker script to /mnt/c/Users/Parth Solanke/Documents/dev/ros2_ws/install/trial_tutorial_pkg/lib/trial_tutorial_pkg
[9.080s] writing list of installed files to '/mnt/c/Users/Parth Solanke/Documents/dev/ros2_ws/build/trial_tutorial_pkg/install.log'
[9.136s] Invoked command in '/mnt/c/Users/Parth Solanke/Documents/dev/ros2_ws/src/trial_tutorial_pkg' returned '0': PYTHONPATH=/mnt/c/Users/Parth Solanke/Documents/dev/ros2_ws/build/trial_tutorial_pkg/prefix_override:/mnt/c/Users/Parth Solanke/Documents/dev/ros2_ws/install/trial_tutorial_pkg/lib/python3.10/site-packages:${PYTHONPATH} /usr/bin/python3 setup.py egg_info --egg-base ../../build/trial_tutorial_pkg build --build-base /mnt/c/Users/Parth Solanke/Documents/dev/ros2_ws/build/trial_tutorial_pkg/build install --record /mnt/c/Users/Parth Solanke/Documents/dev/ros2_ws/build/trial_tutorial_pkg/install.log --single-version-externally-managed
