[1.027s] DEBUG:colcon:Command line arguments: ['/usr/bin/colcon', 'build', '--symlink-install']
[1.029s] DEBUG:colcon:Parsed command line arguments: Namespace(log_base=None, log_level=None, verb_name='build', build_base='build', install_base='install', merge_install=False, symlink_install=True, test_result_base=None, continue_on_error=False, executor='parallel', parallel_workers=12, event_handlers=None, ignore_user_meta=False, metas=['./colcon.meta'], base_paths=['.'], packages_ignore=None, packages_ignore_regex=None, paths=None, packages_up_to=None, packages_up_to_regex=None, packages_above=None, packages_above_and_dependencies=None, packages_above_depth=None, packages_select_by_dep=None, packages_skip_by_dep=None, packages_skip_up_to=None, packages_select_build_failed=False, packages_skip_build_finished=False, packages_select_test_failures=False, packages_skip_test_passed=False, packages_select=None, packages_skip=None, packages_select_regex=None, packages_skip_regex=None, packages_start=None, packages_end=None, allow_overriding=[], cmake_args=None, cmake_target=None, cmake_target_skip_unavailable=False, cmake_clean_cache=False, cmake_clean_first=False, cmake_force_configure=False, ament_cmake_args=None, catkin_cmake_args=None, catkin_skip_building_tests=False, verb_parser=<colcon_defaults.argument_parser.defaults.DefaultArgumentsDecorator object at 0x7fb0f97deda0>, verb_extension=<colcon_core.verb.build.BuildVerb object at 0x7fb0f97de830>, main=<bound method BuildVerb.main of <colcon_core.verb.build.BuildVerb object at 0x7fb0f97de830>>)
[1.132s] Level 1:colcon.colcon_core.package_discovery:discover_packages(colcon_meta) check parameters
[1.134s] Level 1:colcon.colcon_core.package_discovery:discover_packages(recursive) check parameters
[1.134s] Level 1:colcon.colcon_core.package_discovery:discover_packages(ignore) check parameters
[1.135s] Level 1:colcon.colcon_core.package_discovery:discover_packages(path) check parameters
[1.136s] Level 1:colcon.colcon_core.package_discovery:discover_packages(colcon_meta) discover
[1.137s] Level 1:colcon.colcon_core.package_discovery:discover_packages(recursive) discover
[1.138s] INFO:colcon.colcon_core.package_discovery:Crawling recursively for packages in '/mnt/c/Users/Parth Solanke/Documents/dev/ros2_ws'
[1.144s] Level 1:colcon.colcon_core.package_identification:_identify(.) by extensions ['ignore', 'ignore_ament_install']
[1.145s] Level 1:colcon.colcon_core.package_identification:_identify(.) by extension 'ignore'
[1.147s] Level 1:colcon.colcon_core.package_identification:_identify(.) by extension 'ignore_ament_install'
[1.149s] Level 1:colcon.colcon_core.package_identification:_identify(.) by extensions ['colcon_pkg']
[1.149s] Level 1:colcon.colcon_core.package_identification:_identify(.) by extension 'colcon_pkg'
[1.151s] Level 1:colcon.colcon_core.package_identification:_identify(.) by extensions ['colcon_meta']
[1.152s] Level 1:colcon.colcon_core.package_identification:_identify(.) by extension 'colcon_meta'
[1.153s] Level 1:colcon.colcon_core.package_identification:_identify(.) by extensions ['ros']
[1.153s] Level 1:colcon.colcon_core.package_identification:_identify(.) by extension 'ros'
[1.180s] Level 1:colcon.colcon_core.package_identification:_identify(.) by extensions ['cmake', 'python']
[1.182s] Level 1:colcon.colcon_core.package_identification:_identify(.) by extension 'cmake'
[1.186s] Level 1:colcon.colcon_core.package_identification:_identify(.) by extension 'python'
[1.193s] Level 1:colcon.colcon_core.package_identification:_identify(.) by extensions ['python_setup_py']
[1.195s] Level 1:colcon.colcon_core.package_identification:_identify(.) by extension 'python_setup_py'
[1.233s] Level 1:colcon.colcon_core.package_identification:_identify(build) by extensions ['ignore', 'ignore_ament_install']
[1.235s] Level 1:colcon.colcon_core.package_identification:_identify(build) by extension 'ignore'
[1.249s] Level 1:colcon.colcon_core.package_identification:_identify(build) ignored
[1.279s] Level 1:colcon.colcon_core.package_identification:_identify(install) by extensions ['ignore', 'ignore_ament_install']
[1.280s] Level 1:colcon.colcon_core.package_identification:_identify(install) by extension 'ignore'
[1.292s] Level 1:colcon.colcon_core.package_identification:_identify(install) ignored
[1.328s] Level 1:colcon.colcon_core.package_identification:_identify(log) by extensions ['ignore', 'ignore_ament_install']
[1.329s] Level 1:colcon.colcon_core.package_identification:_identify(log) by extension 'ignore'
[1.335s] Level 1:colcon.colcon_core.package_identification:_identify(log) ignored
[1.346s] Level 1:colcon.colcon_core.package_identification:_identify(src) by extensions ['ignore', 'ignore_ament_install']
[1.348s] Level 1:colcon.colcon_core.package_identification:_identify(src) by extension 'ignore'
[1.350s] Level 1:colcon.colcon_core.package_identification:_identify(src) by extension 'ignore_ament_install'
[1.354s] Level 1:colcon.colcon_core.package_identification:_identify(src) by extensions ['colcon_pkg']
[1.356s] Level 1:colcon.colcon_core.package_identification:_identify(src) by extension 'colcon_pkg'
[1.358s] Level 1:colcon.colcon_core.package_identification:_identify(src) by extensions ['colcon_meta']
[1.359s] Level 1:colcon.colcon_core.package_identification:_identify(src) by extension 'colcon_meta'
[1.362s] Level 1:colcon.colcon_core.package_identification:_identify(src) by extensions ['ros']
[1.364s] Level 1:colcon.colcon_core.package_identification:_identify(src) by extension 'ros'
[1.371s] Level 1:colcon.colcon_core.package_identification:_identify(src) by extensions ['cmake', 'python']
[1.373s] Level 1:colcon.colcon_core.package_identification:_identify(src) by extension 'cmake'
[1.375s] Level 1:colcon.colcon_core.package_identification:_identify(src) by extension 'python'
[1.378s] Level 1:colcon.colcon_core.package_identification:_identify(src) by extensions ['python_setup_py']
[1.378s] Level 1:colcon.colcon_core.package_identification:_identify(src) by extension 'python_setup_py'
[1.389s] Level 1:colcon.colcon_core.package_identification:_identify(src/build) by extensions ['ignore', 'ignore_ament_install']
[1.390s] Level 1:colcon.colcon_core.package_identification:_identify(src/build) by extension 'ignore'
[1.394s] Level 1:colcon.colcon_core.package_identification:_identify(src/build) ignored
[1.404s] Level 1:colcon.colcon_core.package_identification:_identify(src/install) by extensions ['ignore', 'ignore_ament_install']
[1.405s] Level 1:colcon.colcon_core.package_identification:_identify(src/install) by extension 'ignore'
[1.410s] Level 1:colcon.colcon_core.package_identification:_identify(src/install) ignored
[1.432s] Level 1:colcon.colcon_core.package_identification:_identify(src/log) by extensions ['ignore', 'ignore_ament_install']
[1.433s] Level 1:colcon.colcon_core.package_identification:_identify(src/log) by extension 'ignore'
[1.438s] Level 1:colcon.colcon_core.package_identification:_identify(src/log) ignored
[1.451s] Level 1:colcon.colcon_core.package_identification:_identify(src/trial_tutorial_pkg) by extensions ['ignore', 'ignore_ament_install']
[1.452s] Level 1:colcon.colcon_core.package_identification:_identify(src/trial_tutorial_pkg) by extension 'ignore'
[1.456s] Level 1:colcon.colcon_core.package_identification:_identify(src/trial_tutorial_pkg) by extension 'ignore_ament_install'
[1.463s] Level 1:colcon.colcon_core.package_identification:_identify(src/trial_tutorial_pkg) by extensions ['colcon_pkg']
[1.464s] Level 1:colcon.colcon_core.package_identification:_identify(src/trial_tutorial_pkg) by extension 'colcon_pkg'
[1.468s] Level 1:colcon.colcon_core.package_identification:_identify(src/trial_tutorial_pkg) by extensions ['colcon_meta']
[1.469s] Level 1:colcon.colcon_core.package_identification:_identify(src/trial_tutorial_pkg) by extension 'colcon_meta'
[1.474s] Level 1:colcon.colcon_core.package_identification:_identify(src/trial_tutorial_pkg) by extensions ['ros']
[1.475s] Level 1:colcon.colcon_core.package_identification:_identify(src/trial_tutorial_pkg) by extension 'ros'
[1.523s] DEBUG:colcon.colcon_core.package_identification:Package 'src/trial_tutorial_pkg' with type 'ros.ament_python' and name 'trial_tutorial_pkg'
[1.524s] Level 1:colcon.colcon_core.package_discovery:discover_packages(recursive) using defaults
[1.525s] Level 1:colcon.colcon_core.package_discovery:discover_packages(ignore) discover
[1.526s] Level 1:colcon.colcon_core.package_discovery:discover_packages(ignore) using defaults
[1.527s] Level 1:colcon.colcon_core.package_discovery:discover_packages(path) discover
[1.528s] Level 1:colcon.colcon_core.package_discovery:discover_packages(path) using defaults
[1.584s] Level 1:colcon.colcon_core.package_discovery:discover_packages(prefix_path) check parameters
[1.584s] Level 1:colcon.colcon_core.package_discovery:discover_packages(prefix_path) discover
[1.590s] DEBUG:colcon.colcon_installed_package_information.package_discovery:Found 23 installed packages in /home/cesty/ros2_ws/install
[1.593s] DEBUG:colcon.colcon_installed_package_information.package_discovery:Found 270 installed packages in /opt/ros/humble
[1.596s] Level 1:colcon.colcon_core.package_discovery:discover_packages(prefix_path) using defaults
[1.679s] Level 5:colcon.colcon_core.verb:set package 'trial_tutorial_pkg' build argument 'cmake_args' from command line to 'None'
[1.680s] Level 5:colcon.colcon_core.verb:set package 'trial_tutorial_pkg' build argument 'cmake_target' from command line to 'None'
[1.681s] Level 5:colcon.colcon_core.verb:set package 'trial_tutorial_pkg' build argument 'cmake_target_skip_unavailable' from command line to 'False'
[1.681s] Level 5:colcon.colcon_core.verb:set package 'trial_tutorial_pkg' build argument 'cmake_clean_cache' from command line to 'False'
[1.682s] Level 5:colcon.colcon_core.verb:set package 'trial_tutorial_pkg' build argument 'cmake_clean_first' from command line to 'False'
[1.683s] Level 5:colcon.colcon_core.verb:set package 'trial_tutorial_pkg' build argument 'cmake_force_configure' from command line to 'False'
[1.683s] Level 5:colcon.colcon_core.verb:set package 'trial_tutorial_pkg' build argument 'ament_cmake_args' from command line to 'None'
[1.684s] Level 5:colcon.colcon_core.verb:set package 'trial_tutorial_pkg' build argument 'catkin_cmake_args' from command line to 'None'
[1.685s] Level 5:colcon.colcon_core.verb:set package 'trial_tutorial_pkg' build argument 'catkin_skip_building_tests' from command line to 'False'
[1.685s] DEBUG:colcon.colcon_core.verb:Building package 'trial_tutorial_pkg' with the following arguments: {'ament_cmake_args': None, 'build_base': '/mnt/c/Users/Parth Solanke/Documents/dev/ros2_ws/build/trial_tutorial_pkg', 'catkin_cmake_args': None, 'catkin_skip_building_tests': False, 'cmake_args': None, 'cmake_clean_cache': False, 'cmake_clean_first': False, 'cmake_force_configure': False, 'cmake_target': None, 'cmake_target_skip_unavailable': False, 'install_base': '/mnt/c/Users/Parth Solanke/Documents/dev/ros2_ws/install/trial_tutorial_pkg', 'merge_install': False, 'path': '/mnt/c/Users/Parth Solanke/Documents/dev/ros2_ws/src/trial_tutorial_pkg', 'symlink_install': True, 'test_result_base': None}
[1.687s] INFO:colcon.colcon_core.executor:Executing jobs using 'parallel' executor
[1.692s] DEBUG:colcon.colcon_parallel_executor.executor.parallel:run_until_complete
[1.693s] INFO:colcon.colcon_ros.task.ament_python.build:Building ROS package in '/mnt/c/Users/Parth Solanke/Documents/dev/ros2_ws/src/trial_tutorial_pkg' with build type 'ament_python'
[1.694s] Level 1:colcon.colcon_core.shell:create_environment_hook('trial_tutorial_pkg', 'ament_prefix_path')
[1.705s] INFO:colcon.colcon_core.plugin_system:Skipping extension 'colcon_core.shell.bat': Not used on non-Windows systems
[1.706s] INFO:colcon.colcon_core.shell:Creating environment hook '/mnt/c/Users/Parth Solanke/Documents/dev/ros2_ws/install/trial_tutorial_pkg/share/trial_tutorial_pkg/hook/ament_prefix_path.ps1'
[1.760s] INFO:colcon.colcon_core.shell:Creating environment descriptor '/mnt/c/Users/Parth Solanke/Documents/dev/ros2_ws/install/trial_tutorial_pkg/share/trial_tutorial_pkg/hook/ament_prefix_path.dsv'
[1.815s] INFO:colcon.colcon_core.shell:Creating environment hook '/mnt/c/Users/Parth Solanke/Documents/dev/ros2_ws/install/trial_tutorial_pkg/share/trial_tutorial_pkg/hook/ament_prefix_path.sh'
[1.871s] INFO:colcon.colcon_core.shell:Skip shell extension 'powershell' for command environment: Not usable outside of PowerShell
[1.872s] DEBUG:colcon.colcon_core.shell:Skip shell extension 'dsv' for command environment
[2.444s] INFO:colcon.colcon_core.task.python.build:Building Python package in '/mnt/c/Users/Parth Solanke/Documents/dev/ros2_ws/src/trial_tutorial_pkg'
[2.447s] INFO:colcon.colcon_core.shell:Skip shell extension 'powershell' for command environment: Not usable outside of PowerShell
[2.447s] DEBUG:colcon.colcon_core.shell:Skip shell extension 'dsv' for command environment
[5.729s] DEBUG:colcon.colcon_core.task.python.build:While undoing a previous installation files outside the Python library path are being ignored: /mnt/c/Users/Parth Solanke/Documents/dev/ros2_ws/install/trial_tutorial_pkg/share/ament_index/resource_index/packages/trial_tutorial_pkg
[5.739s] DEBUG:colcon.colcon_core.task.python.build:While undoing a previous installation files outside the Python library path are being ignored: /mnt/c/Users/Parth Solanke/Documents/dev/ros2_ws/install/trial_tutorial_pkg/share/trial_tutorial_pkg/package.xml
[6.016s] DEBUG:colcon.colcon_core.task.python.build:While undoing a previous installation files outside the Python library path are being ignored: /mnt/c/Users/Parth Solanke/Documents/dev/ros2_ws/install/trial_tutorial_pkg/lib/trial_tutorial_pkg/talker
[6.252s] DEBUG:colcon.colcon_core.event_handler.log_command:Invoking command in '/mnt/c/Users/Parth Solanke/Documents/dev/ros2_ws/build/trial_tutorial_pkg': PYTHONPATH=/mnt/c/Users/Parth Solanke/Documents/dev/ros2_ws/build/trial_tutorial_pkg/prefix_override:/mnt/c/Users/Parth Solanke/Documents/dev/ros2_ws/install/trial_tutorial_pkg/lib/python3.10/site-packages:${PYTHONPATH} WSLENV=ELECTRON_RUN_AS_NODE/w: /usr/bin/python3 setup.py develop --editable --build-directory /mnt/c/Users/Parth Solanke/Documents/dev/ros2_ws/build/trial_tutorial_pkg/build --no-deps install_data
[10.189s] Level 1:colcon.colcon_core.shell:create_environment_hook('trial_tutorial_pkg', 'pythonpath_develop')
[10.202s] INFO:colcon.colcon_core.shell:Creating environment hook '/mnt/c/Users/Parth Solanke/Documents/dev/ros2_ws/build/trial_tutorial_pkg/share/trial_tutorial_pkg/hook/pythonpath_develop.ps1'
[10.213s] DEBUG:colcon.colcon_core.event_handler.log_command:Invoked command in '/mnt/c/Users/Parth Solanke/Documents/dev/ros2_ws/build/trial_tutorial_pkg' returned '0': PYTHONPATH=/mnt/c/Users/Parth Solanke/Documents/dev/ros2_ws/build/trial_tutorial_pkg/prefix_override:/mnt/c/Users/Parth Solanke/Documents/dev/ros2_ws/install/trial_tutorial_pkg/lib/python3.10/site-packages:${PYTHONPATH} WSLENV=ELECTRON_RUN_AS_NODE/w: /usr/bin/python3 setup.py develop --editable --build-directory /mnt/c/Users/Parth Solanke/Documents/dev/ros2_ws/build/trial_tutorial_pkg/build --no-deps install_data
[10.290s] INFO:colcon.colcon_core.shell:Creating environment descriptor '/mnt/c/Users/Parth Solanke/Documents/dev/ros2_ws/build/trial_tutorial_pkg/share/trial_tutorial_pkg/hook/pythonpath_develop.dsv'
[10.369s] INFO:colcon.colcon_core.shell:Creating environment hook '/mnt/c/Users/Parth Solanke/Documents/dev/ros2_ws/build/trial_tutorial_pkg/share/trial_tutorial_pkg/hook/pythonpath_develop.sh'
[10.441s] Level 1:colcon.colcon_core.environment:checking '/mnt/c/Users/Parth Solanke/Documents/dev/ros2_ws/install/trial_tutorial_pkg' for CMake module files
[10.671s] Level 1:colcon.colcon_core.environment:checking '/mnt/c/Users/Parth Solanke/Documents/dev/ros2_ws/install/trial_tutorial_pkg' for CMake config files
[10.935s] Level 1:colcon.colcon_core.environment:checking '/mnt/c/Users/Parth Solanke/Documents/dev/ros2_ws/install/trial_tutorial_pkg/lib'
[10.951s] Level 1:colcon.colcon_core.environment:checking '/mnt/c/Users/Parth Solanke/Documents/dev/ros2_ws/install/trial_tutorial_pkg/bin'
[10.956s] Level 1:colcon.colcon_core.environment:checking '/mnt/c/Users/Parth Solanke/Documents/dev/ros2_ws/install/trial_tutorial_pkg/lib/pkgconfig/trial_tutorial_pkg.pc'
[10.962s] Level 1:colcon.colcon_core.environment:checking '/mnt/c/Users/Parth Solanke/Documents/dev/ros2_ws/install/trial_tutorial_pkg/lib/python3.10/site-packages'
[10.971s] Level 1:colcon.colcon_core.shell:create_environment_hook('trial_tutorial_pkg', 'pythonpath')
[10.974s] INFO:colcon.colcon_core.shell:Creating environment hook '/mnt/c/Users/Parth Solanke/Documents/dev/ros2_ws/install/trial_tutorial_pkg/share/trial_tutorial_pkg/hook/pythonpath.ps1'
[11.022s] INFO:colcon.colcon_core.shell:Creating environment descriptor '/mnt/c/Users/Parth Solanke/Documents/dev/ros2_ws/install/trial_tutorial_pkg/share/trial_tutorial_pkg/hook/pythonpath.dsv'
[11.073s] INFO:colcon.colcon_core.shell:Creating environment hook '/mnt/c/Users/Parth Solanke/Documents/dev/ros2_ws/install/trial_tutorial_pkg/share/trial_tutorial_pkg/hook/pythonpath.sh'
[11.129s] Level 1:colcon.colcon_core.environment:checking '/mnt/c/Users/Parth Solanke/Documents/dev/ros2_ws/install/trial_tutorial_pkg/bin'
[11.133s] Level 1:colcon.colcon_core.environment:create_environment_scripts_only(trial_tutorial_pkg)
[11.136s] INFO:colcon.colcon_core.shell:Creating package script '/mnt/c/Users/Parth Solanke/Documents/dev/ros2_ws/install/trial_tutorial_pkg/share/trial_tutorial_pkg/package.ps1'
[11.181s] INFO:colcon.colcon_core.shell:Creating package descriptor '/mnt/c/Users/Parth Solanke/Documents/dev/ros2_ws/install/trial_tutorial_pkg/share/trial_tutorial_pkg/package.dsv'
[11.225s] INFO:colcon.colcon_core.shell:Creating package script '/mnt/c/Users/Parth Solanke/Documents/dev/ros2_ws/install/trial_tutorial_pkg/share/trial_tutorial_pkg/package.sh'
[11.270s] INFO:colcon.colcon_core.shell:Creating package script '/mnt/c/Users/Parth Solanke/Documents/dev/ros2_ws/install/trial_tutorial_pkg/share/trial_tutorial_pkg/package.bash'
[11.314s] INFO:colcon.colcon_core.shell:Creating package script '/mnt/c/Users/Parth Solanke/Documents/dev/ros2_ws/install/trial_tutorial_pkg/share/trial_tutorial_pkg/package.zsh'
[11.356s] Level 1:colcon.colcon_core.environment:create_file_with_runtime_dependencies(/mnt/c/Users/Parth Solanke/Documents/dev/ros2_ws/install/trial_tutorial_pkg/share/colcon-core/packages/trial_tutorial_pkg)
[11.390s] DEBUG:colcon.colcon_parallel_executor.executor.parallel:closing loop
[11.391s] DEBUG:colcon.colcon_parallel_executor.executor.parallel:loop closed
[11.392s] DEBUG:colcon.colcon_parallel_executor.executor.parallel:run_until_complete finished with '0'
[11.392s] DEBUG:colcon.colcon_core.event_reactor:joining thread
[11.606s] INFO:colcon.colcon_core.plugin_system:Skipping extension 'colcon_notification.desktop_notification.notify_send': Could not find 'notify-send'
[11.607s] INFO:colcon.colcon_core.plugin_system:Skipping extension 'colcon_notification.desktop_notification.terminal_notifier': Not used on non-Darwin systems
[11.608s] INFO:colcon.colcon_core.plugin_system:Skipping extension 'colcon_notification.desktop_notification.win32': Not used on non-Windows systems
[11.609s] INFO:colcon.colcon_notification.desktop_notification:Sending desktop notification using 'notify2'
[11.617s] DEBUG:colcon.colcon_notification.desktop_notification.notify2:Failed to initialize notify2: org.freedesktop.DBus.Error.ServiceUnknown: The name org.freedesktop.Notifications was not provided by any .service files
[11.618s] DEBUG:colcon.colcon_core.event_reactor:joined thread
[11.621s] INFO:colcon.colcon_core.shell:Creating prefix script '/mnt/c/Users/Parth Solanke/Documents/dev/ros2_ws/install/local_setup.ps1'
[11.640s] INFO:colcon.colcon_core.shell:Creating prefix util module '/mnt/c/Users/Parth Solanke/Documents/dev/ros2_ws/install/_local_setup_util_ps1.py'
[11.659s] INFO:colcon.colcon_core.shell:Creating prefix chain script '/mnt/c/Users/Parth Solanke/Documents/dev/ros2_ws/install/setup.ps1'
[11.680s] INFO:colcon.colcon_core.shell:Creating prefix script '/mnt/c/Users/Parth Solanke/Documents/dev/ros2_ws/install/local_setup.sh'
[11.698s] INFO:colcon.colcon_core.shell:Creating prefix util module '/mnt/c/Users/Parth Solanke/Documents/dev/ros2_ws/install/_local_setup_util_sh.py'
[11.716s] INFO:colcon.colcon_core.shell:Creating prefix chain script '/mnt/c/Users/Parth Solanke/Documents/dev/ros2_ws/install/setup.sh'
[11.736s] INFO:colcon.colcon_core.shell:Creating prefix script '/mnt/c/Users/Parth Solanke/Documents/dev/ros2_ws/install/local_setup.bash'
[11.753s] INFO:colcon.colcon_core.shell:Creating prefix chain script '/mnt/c/Users/Parth Solanke/Documents/dev/ros2_ws/install/setup.bash'
[11.773s] INFO:colcon.colcon_core.shell:Creating prefix script '/mnt/c/Users/Parth Solanke/Documents/dev/ros2_ws/install/local_setup.zsh'
[11.790s] INFO:colcon.colcon_core.shell:Creating prefix chain script '/mnt/c/Users/Parth Solanke/Documents/dev/ros2_ws/install/setup.zsh'
